[ 2025-09-08 11:53:41,425 ] 1025 httpx - INFO - HTTP Request: GET https://dagshub.com/api/v1/user "HTTP/1.1 200 OK"
[ 2025-09-08 11:53:41,431 ] 107 dagshub - INFO - Accessing as sanjaykumar079
[ 2025-09-08 11:53:42,053 ] 1025 httpx - INFO - HTTP Request: GET https://dagshub.com/api/v1/repos/sanjaykumar079/networksecuritysystem "HTTP/1.1 200 OK"
[ 2025-09-08 11:53:47,159 ] 1025 httpx - INFO - HTTP Request: GET https://dagshub.com/api/v1/user "HTTP/1.1 200 OK"
[ 2025-09-08 11:53:47,161 ] 107 dagshub - INFO - Initialized MLflow to track repo "sanjaykumar079/networksecuritysystem"
[ 2025-09-08 11:53:47,164 ] 107 dagshub - INFO - Repository sanjaykumar079/networksecuritysystem initialized!
[ 2025-09-08 11:55:48,228 ] 42 root - INFO - Start data Ingestion
[ 2025-09-08 11:55:50,663 ] 66 root - INFO - Performed train test split on the dataframe
[ 2025-09-08 11:55:50,663 ] 68 root - INFO - Exited split_data_as_train_test method of Data_Ingestion class
[ 2025-09-08 11:55:50,663 ] 76 root - INFO - Exporting train and test file path.
[ 2025-09-08 11:55:50,702 ] 85 root - INFO - Exported train and test file path.
[ 2025-09-08 11:55:50,702 ] 45 root - INFO - Data Ingestion completed and artifact: DataIngestionArtifact(trained_file_path='Artifacts\\09_08_2025_11_53_39\\data_ingestion\\ingested\\train.csv', test_file_path='Artifacts\\09_08_2025_11_53_39\\data_ingestion\\ingested\\test.csv')
[ 2025-09-08 11:55:50,706 ] 55 root - INFO - Initiate the data Validation
[ 2025-09-08 11:55:50,753 ] 32 root - INFO - Required number of columns:2
[ 2025-09-08 11:55:50,753 ] 33 root - INFO - Data frame has columns:31
[ 2025-09-08 11:55:50,753 ] 32 root - INFO - Required number of columns:2
[ 2025-09-08 11:55:50,753 ] 33 root - INFO - Data frame has columns:31
[ 2025-09-08 11:55:50,866 ] 63 root - INFO - Entered initiate_data_transformation method of DataTransformation class
[ 2025-09-08 11:55:50,866 ] 65 root - INFO - Starting data transformation
[ 2025-09-08 11:55:50,881 ] 48 root - INFO - Entered get_data_trnasformer_object method of Trnasformation class
[ 2025-09-08 11:55:50,881 ] 53 root - INFO - Initialise KNNImputer with {'missing_values': nan, 'n_neighbors': 3, 'weights': 'uniform'}
[ 2025-09-08 11:55:50,910 ] 46 root - INFO - Entered the save_object method of MainUtils class
[ 2025-09-08 11:55:50,914 ] 50 root - INFO - Exited the save_object method of MainUtils class
[ 2025-09-08 11:55:50,914 ] 46 root - INFO - Entered the save_object method of MainUtils class
[ 2025-09-08 11:55:50,918 ] 50 root - INFO - Exited the save_object method of MainUtils class
[ 2025-09-08 11:58:08,912 ] 1025 httpx - INFO - HTTP Request: GET https://dagshub.com/api/v1/repos/sanjaykumar079/networksecuritysystem "HTTP/1.1 200 OK"
[ 2025-09-08 11:58:08,915 ] 107 dagshub - INFO - Initialized MLflow to track repo "sanjaykumar079/networksecuritysystem"
[ 2025-09-08 11:58:08,916 ] 107 dagshub - INFO - Repository sanjaykumar079/networksecuritysystem initialized!
