[ 2025-09-08 15:18:43,067 ] 1025 httpx - INFO - HTTP Request: GET https://dagshub.com/api/v1/user "HTTP/1.1 200 OK"
[ 2025-09-08 15:18:43,072 ] 107 dagshub - INFO - Accessing as sanjaykumar079
[ 2025-09-08 15:18:43,673 ] 1025 httpx - INFO - HTTP Request: GET https://dagshub.com/api/v1/repos/sanjaykumar079/networksecuritysystem "HTTP/1.1 200 OK"
[ 2025-09-08 15:18:44,206 ] 1025 httpx - INFO - HTTP Request: GET https://dagshub.com/api/v1/user "HTTP/1.1 200 OK"
[ 2025-09-08 15:18:44,209 ] 107 dagshub - INFO - Initialized MLflow to track repo "sanjaykumar079/networksecuritysystem"
[ 2025-09-08 15:18:44,226 ] 107 dagshub - INFO - Repository sanjaykumar079/networksecuritysystem initialized!
[ 2025-09-08 15:19:24,028 ] 42 root - INFO - Start data Ingestion
[ 2025-09-08 15:19:25,149 ] 66 root - INFO - Performed train test split on the dataframe
[ 2025-09-08 15:19:25,149 ] 68 root - INFO - Exited split_data_as_train_test method of Data_Ingestion class
[ 2025-09-08 15:19:25,150 ] 76 root - INFO - Exporting train and test file path.
[ 2025-09-08 15:19:25,209 ] 85 root - INFO - Exported train and test file path.
[ 2025-09-08 15:19:25,210 ] 45 root - INFO - Data Ingestion completed and artifact: DataIngestionArtifact(trained_file_path='Artifacts\\09_08_2025_15_18_40\\data_ingestion\\ingested\\train.csv', test_file_path='Artifacts\\09_08_2025_15_18_40\\data_ingestion\\ingested\\test.csv')
[ 2025-09-08 15:19:25,213 ] 55 root - INFO - Initiate the data Validation
[ 2025-09-08 15:19:25,258 ] 32 root - INFO - Required number of columns:2
[ 2025-09-08 15:19:25,259 ] 33 root - INFO - Data frame has columns:31
[ 2025-09-08 15:19:25,259 ] 32 root - INFO - Required number of columns:2
[ 2025-09-08 15:19:25,259 ] 33 root - INFO - Data frame has columns:31
[ 2025-09-08 15:19:25,391 ] 63 root - INFO - Entered initiate_data_transformation method of DataTransformation class
[ 2025-09-08 15:19:25,391 ] 65 root - INFO - Starting data transformation
[ 2025-09-08 15:19:25,408 ] 48 root - INFO - Entered get_data_trnasformer_object method of Trnasformation class
[ 2025-09-08 15:19:25,408 ] 53 root - INFO - Initialise KNNImputer with {'missing_values': nan, 'n_neighbors': 3, 'weights': 'uniform'}
[ 2025-09-08 15:19:25,416 ] 46 root - INFO - Entered the save_object method of MainUtils class
[ 2025-09-08 15:19:25,418 ] 50 root - INFO - Exited the save_object method of MainUtils class
[ 2025-09-08 15:19:25,418 ] 46 root - INFO - Entered the save_object method of MainUtils class
[ 2025-09-08 15:19:25,420 ] 50 root - INFO - Exited the save_object method of MainUtils class
