[ 2025-09-08 11:28:11,514 ] 1025 httpx - INFO - HTTP Request: GET https://dagshub.com/api/v1/user "HTTP/1.1 200 OK"
[ 2025-09-08 11:28:11,518 ] 107 dagshub - INFO - Accessing as sanjaykumar079
[ 2025-09-08 11:28:12,124 ] 1025 httpx - INFO - HTTP Request: GET https://dagshub.com/api/v1/repos/sanjaykumar079/networksecuritysystem "HTTP/1.1 200 OK"
[ 2025-09-08 11:28:12,722 ] 1025 httpx - INFO - HTTP Request: GET https://dagshub.com/api/v1/user "HTTP/1.1 200 OK"
[ 2025-09-08 11:28:12,726 ] 107 dagshub - INFO - Initialized MLflow to track repo "sanjaykumar079/networksecuritysystem"
[ 2025-09-08 11:28:12,727 ] 107 dagshub - INFO - Repository sanjaykumar079/networksecuritysystem initialized!
[ 2025-09-08 11:28:36,772 ] 42 root - INFO - Start data Ingestion
[ 2025-09-08 11:28:38,316 ] 66 root - INFO - Performed train test split on the dataframe
[ 2025-09-08 11:28:38,316 ] 68 root - INFO - Exited split_data_as_train_test method of Data_Ingestion class
[ 2025-09-08 11:28:38,316 ] 76 root - INFO - Exporting train and test file path.
[ 2025-09-08 11:28:38,361 ] 85 root - INFO - Exported train and test file path.
[ 2025-09-08 11:28:38,361 ] 45 root - INFO - Data Ingestion completed and artifact: DataIngestionArtifact(trained_file_path='Artifacts\\09_08_2025_11_28_09\\data_ingestion\\ingested\\train.csv', test_file_path='Artifacts\\09_08_2025_11_28_09\\data_ingestion\\ingested\\test.csv')
[ 2025-09-08 11:28:38,375 ] 55 root - INFO - Initiate the data Validation
[ 2025-09-08 11:28:38,427 ] 32 root - INFO - Required number of columns:2
[ 2025-09-08 11:28:38,428 ] 33 root - INFO - Data frame has columns:31
[ 2025-09-08 11:28:38,428 ] 32 root - INFO - Required number of columns:2
[ 2025-09-08 11:28:38,428 ] 33 root - INFO - Data frame has columns:31
[ 2025-09-08 11:28:38,532 ] 63 root - INFO - Entered initiate_data_transformation method of DataTransformation class
[ 2025-09-08 11:28:38,532 ] 65 root - INFO - Starting data transformation
[ 2025-09-08 11:28:38,552 ] 48 root - INFO - Entered get_data_trnasformer_object method of Trnasformation class
[ 2025-09-08 11:28:38,552 ] 53 root - INFO - Initialise KNNImputer with {'missing_values': nan, 'n_neighbors': 3, 'weights': 'uniform'}
[ 2025-09-08 11:28:38,560 ] 46 root - INFO - Entered the save_object method of MainUtils class
[ 2025-09-08 11:28:38,562 ] 50 root - INFO - Exited the save_object method of MainUtils class
[ 2025-09-08 11:28:38,562 ] 46 root - INFO - Entered the save_object method of MainUtils class
[ 2025-09-08 11:28:38,565 ] 50 root - INFO - Exited the save_object method of MainUtils class
