[ 2025-09-08 11:34:44,849 ] 1025 httpx - INFO - HTTP Request: GET https://dagshub.com/api/v1/user "HTTP/1.1 200 OK"
[ 2025-09-08 11:34:44,869 ] 107 dagshub - INFO - Accessing as sanjaykumar079
[ 2025-09-08 11:34:45,757 ] 1025 httpx - INFO - HTTP Request: GET https://dagshub.com/api/v1/repos/sanjaykumar079/networksecuritysystem "HTTP/1.1 200 OK"
[ 2025-09-08 11:34:46,312 ] 1025 httpx - INFO - HTTP Request: GET https://dagshub.com/api/v1/user "HTTP/1.1 200 OK"
[ 2025-09-08 11:34:46,315 ] 107 dagshub - INFO - Initialized MLflow to track repo "sanjaykumar079/networksecuritysystem"
[ 2025-09-08 11:34:46,331 ] 107 dagshub - INFO - Repository sanjaykumar079/networksecuritysystem initialized!
[ 2025-09-08 11:34:59,948 ] 42 root - INFO - Start data Ingestion
[ 2025-09-08 11:35:01,473 ] 66 root - INFO - Performed train test split on the dataframe
[ 2025-09-08 11:35:01,473 ] 68 root - INFO - Exited split_data_as_train_test method of Data_Ingestion class
[ 2025-09-08 11:35:01,473 ] 76 root - INFO - Exporting train and test file path.
[ 2025-09-08 11:35:01,507 ] 85 root - INFO - Exported train and test file path.
[ 2025-09-08 11:35:01,508 ] 45 root - INFO - Data Ingestion completed and artifact: DataIngestionArtifact(trained_file_path='Artifacts\\09_08_2025_11_34_37\\data_ingestion\\ingested\\train.csv', test_file_path='Artifacts\\09_08_2025_11_34_37\\data_ingestion\\ingested\\test.csv')
[ 2025-09-08 11:35:01,519 ] 55 root - INFO - Initiate the data Validation
[ 2025-09-08 11:35:01,559 ] 32 root - INFO - Required number of columns:2
[ 2025-09-08 11:35:01,559 ] 33 root - INFO - Data frame has columns:31
[ 2025-09-08 11:35:01,559 ] 32 root - INFO - Required number of columns:2
[ 2025-09-08 11:35:01,559 ] 33 root - INFO - Data frame has columns:31
[ 2025-09-08 11:35:01,653 ] 63 root - INFO - Entered initiate_data_transformation method of DataTransformation class
[ 2025-09-08 11:35:01,653 ] 65 root - INFO - Starting data transformation
[ 2025-09-08 11:35:01,671 ] 48 root - INFO - Entered get_data_trnasformer_object method of Trnasformation class
[ 2025-09-08 11:35:01,671 ] 53 root - INFO - Initialise KNNImputer with {'missing_values': nan, 'n_neighbors': 3, 'weights': 'uniform'}
[ 2025-09-08 11:35:01,686 ] 46 root - INFO - Entered the save_object method of MainUtils class
[ 2025-09-08 11:35:01,689 ] 50 root - INFO - Exited the save_object method of MainUtils class
[ 2025-09-08 11:35:01,689 ] 46 root - INFO - Entered the save_object method of MainUtils class
[ 2025-09-08 11:35:01,691 ] 50 root - INFO - Exited the save_object method of MainUtils class
[ 2025-09-08 11:37:25,191 ] 1025 httpx - INFO - HTTP Request: GET https://dagshub.com/api/v1/repos/sanjaykumar079/networksecuritysystem "HTTP/1.1 200 OK"
[ 2025-09-08 11:37:25,195 ] 107 dagshub - INFO - Initialized MLflow to track repo "sanjaykumar079/networksecuritysystem"
[ 2025-09-08 11:37:25,196 ] 107 dagshub - INFO - Repository sanjaykumar079/networksecuritysystem initialized!
