[ 2025-09-08 15:04:27,311 ] 1025 httpx - INFO - HTTP Request: GET https://dagshub.com/api/v1/user "HTTP/1.1 200 OK"
[ 2025-09-08 15:04:27,314 ] 107 dagshub - INFO - Accessing as sanjaykumar079
[ 2025-09-08 15:04:28,660 ] 1025 httpx - INFO - HTTP Request: GET https://dagshub.com/api/v1/repos/sanjaykumar079/networksecuritysystem "HTTP/1.1 200 OK"
[ 2025-09-08 15:04:29,199 ] 1025 httpx - INFO - HTTP Request: GET https://dagshub.com/api/v1/user "HTTP/1.1 200 OK"
[ 2025-09-08 15:04:29,203 ] 107 dagshub - INFO - Initialized MLflow to track repo "sanjaykumar079/networksecuritysystem"
[ 2025-09-08 15:04:29,222 ] 107 dagshub - INFO - Repository sanjaykumar079/networksecuritysystem initialized!
[ 2025-09-08 15:04:38,028 ] 42 root - INFO - Start data Ingestion
[ 2025-09-08 15:04:39,105 ] 66 root - INFO - Performed train test split on the dataframe
[ 2025-09-08 15:04:39,105 ] 68 root - INFO - Exited split_data_as_train_test method of Data_Ingestion class
[ 2025-09-08 15:04:39,106 ] 76 root - INFO - Exporting train and test file path.
[ 2025-09-08 15:04:39,143 ] 85 root - INFO - Exported train and test file path.
[ 2025-09-08 15:04:39,144 ] 45 root - INFO - Data Ingestion completed and artifact: DataIngestionArtifact(trained_file_path='Artifacts\\09_08_2025_15_04_25\\data_ingestion\\ingested\\train.csv', test_file_path='Artifacts\\09_08_2025_15_04_25\\data_ingestion\\ingested\\test.csv')
[ 2025-09-08 15:04:39,154 ] 55 root - INFO - Initiate the data Validation
[ 2025-09-08 15:04:39,200 ] 32 root - INFO - Required number of columns:2
[ 2025-09-08 15:04:39,200 ] 33 root - INFO - Data frame has columns:31
[ 2025-09-08 15:04:39,200 ] 32 root - INFO - Required number of columns:2
[ 2025-09-08 15:04:39,200 ] 33 root - INFO - Data frame has columns:31
[ 2025-09-08 15:04:39,299 ] 63 root - INFO - Entered initiate_data_transformation method of DataTransformation class
[ 2025-09-08 15:04:39,299 ] 65 root - INFO - Starting data transformation
[ 2025-09-08 15:04:39,320 ] 48 root - INFO - Entered get_data_trnasformer_object method of Trnasformation class
[ 2025-09-08 15:04:39,320 ] 53 root - INFO - Initialise KNNImputer with {'missing_values': nan, 'n_neighbors': 3, 'weights': 'uniform'}
[ 2025-09-08 15:04:39,347 ] 46 root - INFO - Entered the save_object method of MainUtils class
[ 2025-09-08 15:04:39,349 ] 50 root - INFO - Exited the save_object method of MainUtils class
[ 2025-09-08 15:04:39,349 ] 46 root - INFO - Entered the save_object method of MainUtils class
[ 2025-09-08 15:04:39,350 ] 50 root - INFO - Exited the save_object method of MainUtils class
[ 2025-09-08 15:06:47,773 ] 1025 httpx - INFO - HTTP Request: GET https://dagshub.com/api/v1/repos/sanjaykumar079/networksecuritysystem "HTTP/1.1 200 OK"
[ 2025-09-08 15:06:47,775 ] 107 dagshub - INFO - Initialized MLflow to track repo "sanjaykumar079/networksecuritysystem"
[ 2025-09-08 15:06:47,775 ] 107 dagshub - INFO - Repository sanjaykumar079/networksecuritysystem initialized!
